--------------- Build Started: 06/03/2015 22:35:46 Project: Design01, Configuration: ARM GCC 4.8.4 Debug ---------------
The code generation step is up to date.
arm-none-eabi-gcc.exe -mcpu=cortex-m0 -mthumb -Wno-main -I. -I.\Generated_Source\PSoC4 -Wa,-alh=.\CortexM0\ARM_GCC_484\Debug/main.lst -g -D DEBUG -Wall -ffunction-sections -O0 -c .\main.c -o .\CortexM0\ARM_GCC_484\Debug\main.o
.\main.c: In function 'main':
.\main.c:34:5: warning: implicit declaration of function 'UART_Start' [-Wimplicit-function-declaration]
     UART_Start();
     ^
.\main.c:36:5: warning: implicit declaration of function 'UART_UartPutString' [-Wimplicit-function-declaration]
     UART_UartPutString("\r\n***********************************************************************************\r\n");
     ^
.\main.c:45:9: warning: implicit declaration of function 'UART_UartGetChar' [-Wimplicit-function-declaration]
         ch = UART_UartGetChar(); 
         ^
.\main.c:53:13: warning: implicit declaration of function 'UART_UartPutChar' [-Wimplicit-function-declaration]
             UART_UartPutChar(ch);
             ^
arm-none-eabi-ar.exe -rs .\CortexM0\ARM_GCC_484\Debug\Design01.a .\CortexM0\ARM_GCC_484\Debug\cyfitter_cfg.o .\CortexM0\ARM_GCC_484\Debug\Counter_1.o .\CortexM0\ARM_GCC_484\Debug\Counter_1_PM.o .\CortexM0\ARM_GCC_484\Debug\Clock_1.o .\CortexM0\ARM_GCC_484\Debug\CyBootAsmGnu.o .\CortexM0\ARM_GCC_484\Debug\CyFlash.o .\CortexM0\ARM_GCC_484\Debug\CyLib.o .\CortexM0\ARM_GCC_484\Debug\cyPm.o .\CortexM0\ARM_GCC_484\Debug\cyutils.o .\CortexM0\ARM_GCC_484\Debug\UART_1.o .\CortexM0\ARM_GCC_484\Debug\UART_1_SPI_UART.o .\CortexM0\ARM_GCC_484\Debug\UART_1_SPI_UART_INT.o .\CortexM0\ARM_GCC_484\Debug\UART_1_PM.o .\CortexM0\ARM_GCC_484\Debug\UART_1_UART.o .\CortexM0\ARM_GCC_484\Debug\UART_1_BOOT.o .\CortexM0\ARM_GCC_484\Debug\UART_1_UART_BOOT.o .\CortexM0\ARM_GCC_484\Debug\UART_1_SCBCLK.o .\CortexM0\ARM_GCC_484\Debug\UART_1_tx.o .\CortexM0\ARM_GCC_484\Debug\UART_1_rx.o
arm-none-eabi-ar.exe: creating .\CortexM0\ARM_GCC_484\Debug\Design01.a
arm-none-eabi-gcc.exe -Wl,--start-group -o .\CortexM0\ARM_GCC_484\Debug\Design01.elf .\CortexM0\ARM_GCC_484\Debug\main.o .\CortexM0\ARM_GCC_484\Debug\cymetadata.o .\CortexM0\ARM_GCC_484\Debug\Cm0Start.o .\CortexM0\ARM_GCC_484\Debug\Design01.a "C:\Program Files (x86)\Cypress\PSoC Creator\3.1\PSoC Creator\psoc\content\cycomponentlibrary\CyComponentLibrary.cylib\CortexM0\ARM_GCC_484\Debug\CyComponentLibrary.a" -mthumb -march=armv6-m -Wl,-Map,.\CortexM0\ARM_GCC_484\Debug/Design01.map -T .\Generated_Source\PSoC4\cm0gcc.ld -g -specs=nano.specs "-u _printf_float" "" -Wl,--gc-sections -Wl,--end-group
.\CortexM0\ARM_GCC_484\Debug\main.o: In function `main':
C:\Users\kit\Documents\PSoC Creator\Design03\Design01.cydsn/.\main.c:34: undefined reference to `UART_Start'
C:\Users\kit\Documents\PSoC Creator\Design03\Design01.cydsn/.\main.c:36: undefined reference to `UART_UartPutString'
C:\Users\kit\Documents\PSoC Creator\Design03\Design01.cydsn/.\main.c:37: undefined reference to `UART_UartPutString'
C:\Users\kit\Documents\PSoC Creator\Design03\Design01.cydsn/.\main.c:38: undefined reference to `UART_UartPutString'
C:\Users\kit\Documents\PSoC Creator\Design03\Design01.cydsn/.\main.c:39: undefined reference to `UART_UartPutString'
C:\Users\kit\Documents\PSoC Creator\Design03\Design01.cydsn/.\main.c:40: undefined reference to `UART_UartPutString'
C:\Users\kit\Documents\PSoC Creator\Design03\Design01.cydsn/.\main.c:45: undefined reference to `UART_UartGetChar'
C:\Users\kit\Documents\PSoC Creator\Design03\Design01.cydsn/.\main.c:53: undefined reference to `UART_UartPutChar'
collect2.exe: error: ld returned 1 exit status
The command 'arm-none-eabi-gcc.exe' failed with exit code '1'.
--------------- Build Failed: 06/03/2015 22:35:49 ---------------
