ARM GAS  C:\Users\kit\AppData\Local\Temp\ccVwuyCb.s 			page 1


   1              		.cpu cortex-m0
   2              		.fpu softvfp
   3              		.eabi_attribute 20, 1
   4              		.eabi_attribute 21, 1
   5              		.eabi_attribute 23, 3
   6              		.eabi_attribute 24, 1
   7              		.eabi_attribute 25, 1
   8              		.eabi_attribute 26, 1
   9              		.eabi_attribute 30, 6
  10              		.eabi_attribute 34, 0
  11              		.eabi_attribute 18, 4
  12              		.code	16
  13              		.file	"main.c"
  14              		.text
  15              	.Ltext0:
  16              		.cfi_sections	.debug_frame
  17              		.section	.rodata
  18              		.align	2
  19              	.LC0:
  20 0000 0D0A2A2A 		.ascii	"\015\012*******************************************"
  20      2A2A2A2A 
  20      2A2A2A2A 
  20      2A2A2A2A 
  20      2A2A2A2A 
  21 002d 2A2A2A2A 		.ascii	"****************************************\015\012\000"
  21      2A2A2A2A 
  21      2A2A2A2A 
  21      2A2A2A2A 
  21      2A2A2A2A 
  22              		.align	2
  23              	.LC2:
  24 0058 54686973 		.ascii	"This is SCB_UartComm datasheet example project\015\012"
  24      20697320 
  24      5343425F 
  24      55617274 
  24      436F6D6D 
  25 0088 00       		.ascii	"\000"
  26 0089 000000   		.align	2
  27              	.LC4:
  28 008c 49662079 		.ascii	"If you are able to read this text the terminal conn"
  28      6F752061 
  28      72652061 
  28      626C6520 
  28      746F2072 
  29 00bf 65637469 		.ascii	"ection is configured correctly.\015\012\000"
  29      6F6E2069 
  29      7320636F 
  29      6E666967 
  29      75726564 
  30 00e1 000000   		.align	2
  31              	.LC6:
  32 00e4 53746172 		.ascii	"Start transmitting the characters to see an echo in"
  32      74207472 
  32      616E736D 
  32      69747469 
  32      6E672074 
  33 0117 20746865 		.ascii	" the terminal.\015\012\000"
ARM GAS  C:\Users\kit\AppData\Local\Temp\ccVwuyCb.s 			page 2


  33      20746572 
  33      6D696E61 
  33      6C2E0D0A 
  33      00
  34              		.align	2
  35              	.LC8:
  36 0128 0D0A00   		.ascii	"\015\012\000"
  37 012b 00       		.section	.text.main,"ax",%progbits
  38              		.align	2
  39              		.global	main
  40              		.code	16
  41              		.thumb_func
  42              		.type	main, %function
  43              	main:
  44              	.LFB33:
  45              		.file 1 ".\\main.c"
   1:.\main.c      **** /*******************************************************************************
   2:.\main.c      **** * File Name: main.c
   3:.\main.c      **** *
   4:.\main.c      **** * Version: 1.0
   5:.\main.c      **** *
   6:.\main.c      **** * Description:
   7:.\main.c      **** *  This example project demonstrates the basic operation of the SCB component 
   8:.\main.c      **** *  in the UART mode. The polling method is used to wait for received character. 
   9:.\main.c      **** *  As soon as character is received it is transmitted back. The serial terminal 
  10:.\main.c      **** *  can be used on the PC to send characters and get them back. 
  11:.\main.c      **** *  The example will echo every received character.
  12:.\main.c      **** *
  13:.\main.c      **** ********************************************************************************
  14:.\main.c      **** * Copyright 2014, Cypress Semiconductor Corporation. All rights reserved.
  15:.\main.c      **** * This software is owned by Cypress Semiconductor Corporation and is protected
  16:.\main.c      **** * by and subject to worldwide patent and copyright laws and treaties.
  17:.\main.c      **** * Therefore, you may use this software only as provided in the license agreement
  18:.\main.c      **** * accompanying the software package from which you obtained this software.
  19:.\main.c      **** * CYPRESS AND ITS SUPPLIERS MAKE NO WARRANTY OF ANY KIND, EXPRESS OR IMPLIED,
  20:.\main.c      **** * WITH REGARD TO THIS SOFTWARE, INCLUDING, BUT NOT LIMITED TO, NONINFRINGEMENT,
  21:.\main.c      **** * IMPLIED WARRANTIES OF MERCHANTABILITY AND FITNESS FOR A PARTICULAR PURPOSE.
  22:.\main.c      **** *******************************************************************************/
  23:.\main.c      **** 
  24:.\main.c      **** #include <project.h>
  25:.\main.c      **** 
  26:.\main.c      **** #define LED_ON  (0u)
  27:.\main.c      **** #define LED_OFF (1u)
  28:.\main.c      **** 
  29:.\main.c      **** void main()
  30:.\main.c      **** {   
  46              		.loc 1 30 0
  47              		.cfi_startproc
  48 0000 80B5     		push	{r7, lr}
  49              		.cfi_def_cfa_offset 8
  50              		.cfi_offset 7, -8
  51              		.cfi_offset 14, -4
  52 0002 82B0     		sub	sp, sp, #8
  53              		.cfi_def_cfa_offset 16
  54 0004 00AF     		add	r7, sp, #0
  55              		.cfi_def_cfa_register 7
  31:.\main.c      ****     uint32 ch;
ARM GAS  C:\Users\kit\AppData\Local\Temp\ccVwuyCb.s 			page 3


  32:.\main.c      ****             
  33:.\main.c      ****     /* Start SCB (UART mode) operation */
  34:.\main.c      ****     UART_Start();
  56              		.loc 1 34 0
  57 0006 FFF7FEFF 		bl	UART_Start
  35:.\main.c      **** 
  36:.\main.c      ****     UART_UartPutString("\r\n***********************************************************************
  58              		.loc 1 36 0
  59 000a 104B     		ldr	r3, .L4
  60 000c 181C     		mov	r0, r3
  61 000e FFF7FEFF 		bl	UART_UartPutString
  37:.\main.c      ****     UART_UartPutString("This is SCB_UartComm datasheet example project\r\n");
  62              		.loc 1 37 0
  63 0012 0F4B     		ldr	r3, .L4+4
  64 0014 181C     		mov	r0, r3
  65 0016 FFF7FEFF 		bl	UART_UartPutString
  38:.\main.c      ****     UART_UartPutString("If you are able to read this text the terminal connection is configured cor
  66              		.loc 1 38 0
  67 001a 0E4B     		ldr	r3, .L4+8
  68 001c 181C     		mov	r0, r3
  69 001e FFF7FEFF 		bl	UART_UartPutString
  39:.\main.c      ****     UART_UartPutString("Start transmitting the characters to see an echo in the terminal.\r\n");
  70              		.loc 1 39 0
  71 0022 0D4B     		ldr	r3, .L4+12
  72 0024 181C     		mov	r0, r3
  73 0026 FFF7FEFF 		bl	UART_UartPutString
  40:.\main.c      ****     UART_UartPutString("\r\n");
  74              		.loc 1 40 0
  75 002a 0C4B     		ldr	r3, .L4+16
  76 002c 181C     		mov	r0, r3
  77 002e FFF7FEFF 		bl	UART_UartPutString
  78              	.L3:
  79              	.LBB2:
  41:.\main.c      ****     
  42:.\main.c      ****     for (;;)
  43:.\main.c      ****     {
  44:.\main.c      ****         /* Get received character or zero if nothing has been received yet */
  45:.\main.c      ****         ch = UART_UartGetChar(); 
  80              		.loc 1 45 0
  81 0032 FFF7FEFF 		bl	UART_UartGetChar
  82 0036 031C     		mov	r3, r0
  83 0038 7B60     		str	r3, [r7, #4]
  46:.\main.c      **** 
  47:.\main.c      ****         if (0u != ch)
  84              		.loc 1 47 0
  85 003a 7B68     		ldr	r3, [r7, #4]
  86 003c 002B     		cmp	r3, #0
  87 003e 04D0     		beq	.L2
  88              	.LBB3:
  48:.\main.c      ****         {   
  49:.\main.c      ****             /* 
  50:.\main.c      ****             * Transmit the data through UART. 
  51:.\main.c      ****             * This functions is blocking and waits until there is a place in the buffer.
  52:.\main.c      ****             */
  53:.\main.c      ****             UART_UartPutChar(ch);
  89              		.loc 1 53 0
  90 0040 7B68     		ldr	r3, [r7, #4]
ARM GAS  C:\Users\kit\AppData\Local\Temp\ccVwuyCb.s 			page 4


  91 0042 181C     		mov	r0, r3
  92 0044 FFF7FEFF 		bl	UART_UartPutChar
  93              	.LBE3:
  94              	.LBE2:
  54:.\main.c      ****         }
  55:.\main.c      ****     }
  95              		.loc 1 55 0
  96 0048 F3E7     		b	.L3
  97              	.L2:
  98 004a F2E7     		b	.L3
  99              	.L5:
 100              		.align	2
 101              	.L4:
 102 004c 00000000 		.word	.LC0
 103 0050 58000000 		.word	.LC2
 104 0054 8C000000 		.word	.LC4
 105 0058 E4000000 		.word	.LC6
 106 005c 28010000 		.word	.LC8
 107              		.cfi_endproc
 108              	.LFE33:
 109              		.size	main, .-main
 110              		.text
 111              	.Letext0:
 112              		.file 2 ".\\Generated_Source\\PSoC4/cytypes.h"
 113              		.section	.debug_info,"",%progbits
 114              	.Ldebug_info0:
 115 0000 02010000 		.4byte	0x102
 116 0004 0400     		.2byte	0x4
 117 0006 00000000 		.4byte	.Ldebug_abbrev0
 118 000a 04       		.byte	0x4
 119 000b 01       		.uleb128 0x1
 120 000c 55000000 		.4byte	.LASF16
 121 0010 01       		.byte	0x1
 122 0011 87010000 		.4byte	.LASF17
 123 0015 45010000 		.4byte	.LASF18
 124 0019 00000000 		.4byte	.Ldebug_ranges0+0
 125 001d 00000000 		.4byte	0
 126 0021 00000000 		.4byte	.Ldebug_line0
 127 0025 02       		.uleb128 0x2
 128 0026 01       		.byte	0x1
 129 0027 06       		.byte	0x6
 130 0028 39010000 		.4byte	.LASF0
 131 002c 02       		.uleb128 0x2
 132 002d 01       		.byte	0x1
 133 002e 08       		.byte	0x8
 134 002f DC000000 		.4byte	.LASF1
 135 0033 02       		.uleb128 0x2
 136 0034 02       		.byte	0x2
 137 0035 05       		.byte	0x5
 138 0036 15010000 		.4byte	.LASF2
 139 003a 02       		.uleb128 0x2
 140 003b 02       		.byte	0x2
 141 003c 07       		.byte	0x7
 142 003d 26010000 		.4byte	.LASF3
 143 0041 02       		.uleb128 0x2
 144 0042 04       		.byte	0x4
 145 0043 05       		.byte	0x5
ARM GAS  C:\Users\kit\AppData\Local\Temp\ccVwuyCb.s 			page 5


 146 0044 FB000000 		.4byte	.LASF4
 147 0048 02       		.uleb128 0x2
 148 0049 04       		.byte	0x4
 149 004a 07       		.byte	0x7
 150 004b 27000000 		.4byte	.LASF5
 151 004f 02       		.uleb128 0x2
 152 0050 08       		.byte	0x8
 153 0051 05       		.byte	0x5
 154 0052 00000000 		.4byte	.LASF6
 155 0056 02       		.uleb128 0x2
 156 0057 08       		.byte	0x8
 157 0058 07       		.byte	0x7
 158 0059 39000000 		.4byte	.LASF7
 159 005d 03       		.uleb128 0x3
 160 005e 04       		.byte	0x4
 161 005f 05       		.byte	0x5
 162 0060 696E7400 		.ascii	"int\000"
 163 0064 02       		.uleb128 0x2
 164 0065 04       		.byte	0x4
 165 0066 07       		.byte	0x7
 166 0067 15000000 		.4byte	.LASF8
 167 006b 04       		.uleb128 0x4
 168 006c 0E000000 		.4byte	.LASF19
 169 0070 02       		.byte	0x2
 170 0071 A3       		.byte	0xa3
 171 0072 48000000 		.4byte	0x48
 172 0076 02       		.uleb128 0x2
 173 0077 04       		.byte	0x4
 174 0078 04       		.byte	0x4
 175 0079 81010000 		.4byte	.LASF9
 176 007d 02       		.uleb128 0x2
 177 007e 08       		.byte	0x8
 178 007f 04       		.byte	0x4
 179 0080 1F010000 		.4byte	.LASF10
 180 0084 02       		.uleb128 0x2
 181 0085 01       		.byte	0x1
 182 0086 08       		.byte	0x8
 183 0087 50000000 		.4byte	.LASF11
 184 008b 02       		.uleb128 0x2
 185 008c 04       		.byte	0x4
 186 008d 07       		.byte	0x7
 187 008e A3010000 		.4byte	.LASF12
 188 0092 05       		.uleb128 0x5
 189 0093 22000000 		.4byte	.LASF20
 190 0097 01       		.byte	0x1
 191 0098 1D       		.byte	0x1d
 192 0099 00000000 		.4byte	.LFB33
 193 009d 60000000 		.4byte	.LFE33-.LFB33
 194 00a1 01       		.uleb128 0x1
 195 00a2 9C       		.byte	0x9c
 196 00a3 06       		.uleb128 0x6
 197 00a4 636800   		.ascii	"ch\000"
 198 00a7 01       		.byte	0x1
 199 00a8 1F       		.byte	0x1f
 200 00a9 6B000000 		.4byte	0x6b
 201 00ad 02       		.uleb128 0x2
 202 00ae 91       		.byte	0x91
ARM GAS  C:\Users\kit\AppData\Local\Temp\ccVwuyCb.s 			page 6


 203 00af 74       		.sleb128 -12
 204 00b0 07       		.uleb128 0x7
 205 00b1 D1000000 		.4byte	.LASF13
 206 00b5 01       		.byte	0x1
 207 00b6 22       		.byte	0x22
 208 00b7 5D000000 		.4byte	0x5d
 209 00bb C1000000 		.4byte	0xc1
 210 00bf 08       		.uleb128 0x8
 211 00c0 00       		.byte	0
 212 00c1 07       		.uleb128 0x7
 213 00c2 90010000 		.4byte	.LASF14
 214 00c6 01       		.byte	0x1
 215 00c7 24       		.byte	0x24
 216 00c8 5D000000 		.4byte	0x5d
 217 00cc D2000000 		.4byte	0xd2
 218 00d0 08       		.uleb128 0x8
 219 00d1 00       		.byte	0
 220 00d2 09       		.uleb128 0x9
 221 00d3 32000000 		.4byte	.LBB2
 222 00d7 16000000 		.4byte	.LBE2-.LBB2
 223 00db 07       		.uleb128 0x7
 224 00dc EA000000 		.4byte	.LASF15
 225 00e0 01       		.byte	0x1
 226 00e1 2D       		.byte	0x2d
 227 00e2 5D000000 		.4byte	0x5d
 228 00e6 EC000000 		.4byte	0xec
 229 00ea 08       		.uleb128 0x8
 230 00eb 00       		.byte	0
 231 00ec 09       		.uleb128 0x9
 232 00ed 40000000 		.4byte	.LBB3
 233 00f1 08000000 		.4byte	.LBE3-.LBB3
 234 00f5 0A       		.uleb128 0xa
 235 00f6 04010000 		.4byte	.LASF21
 236 00fa 01       		.byte	0x1
 237 00fb 35       		.byte	0x35
 238 00fc 5D000000 		.4byte	0x5d
 239 0100 08       		.uleb128 0x8
 240 0101 00       		.byte	0
 241 0102 00       		.byte	0
 242 0103 00       		.byte	0
 243 0104 00       		.byte	0
 244 0105 00       		.byte	0
 245              		.section	.debug_abbrev,"",%progbits
 246              	.Ldebug_abbrev0:
 247 0000 01       		.uleb128 0x1
 248 0001 11       		.uleb128 0x11
 249 0002 01       		.byte	0x1
 250 0003 25       		.uleb128 0x25
 251 0004 0E       		.uleb128 0xe
 252 0005 13       		.uleb128 0x13
 253 0006 0B       		.uleb128 0xb
 254 0007 03       		.uleb128 0x3
 255 0008 0E       		.uleb128 0xe
 256 0009 1B       		.uleb128 0x1b
 257 000a 0E       		.uleb128 0xe
 258 000b 55       		.uleb128 0x55
 259 000c 17       		.uleb128 0x17
ARM GAS  C:\Users\kit\AppData\Local\Temp\ccVwuyCb.s 			page 7


 260 000d 11       		.uleb128 0x11
 261 000e 01       		.uleb128 0x1
 262 000f 10       		.uleb128 0x10
 263 0010 17       		.uleb128 0x17
 264 0011 00       		.byte	0
 265 0012 00       		.byte	0
 266 0013 02       		.uleb128 0x2
 267 0014 24       		.uleb128 0x24
 268 0015 00       		.byte	0
 269 0016 0B       		.uleb128 0xb
 270 0017 0B       		.uleb128 0xb
 271 0018 3E       		.uleb128 0x3e
 272 0019 0B       		.uleb128 0xb
 273 001a 03       		.uleb128 0x3
 274 001b 0E       		.uleb128 0xe
 275 001c 00       		.byte	0
 276 001d 00       		.byte	0
 277 001e 03       		.uleb128 0x3
 278 001f 24       		.uleb128 0x24
 279 0020 00       		.byte	0
 280 0021 0B       		.uleb128 0xb
 281 0022 0B       		.uleb128 0xb
 282 0023 3E       		.uleb128 0x3e
 283 0024 0B       		.uleb128 0xb
 284 0025 03       		.uleb128 0x3
 285 0026 08       		.uleb128 0x8
 286 0027 00       		.byte	0
 287 0028 00       		.byte	0
 288 0029 04       		.uleb128 0x4
 289 002a 16       		.uleb128 0x16
 290 002b 00       		.byte	0
 291 002c 03       		.uleb128 0x3
 292 002d 0E       		.uleb128 0xe
 293 002e 3A       		.uleb128 0x3a
 294 002f 0B       		.uleb128 0xb
 295 0030 3B       		.uleb128 0x3b
 296 0031 0B       		.uleb128 0xb
 297 0032 49       		.uleb128 0x49
 298 0033 13       		.uleb128 0x13
 299 0034 00       		.byte	0
 300 0035 00       		.byte	0
 301 0036 05       		.uleb128 0x5
 302 0037 2E       		.uleb128 0x2e
 303 0038 01       		.byte	0x1
 304 0039 3F       		.uleb128 0x3f
 305 003a 19       		.uleb128 0x19
 306 003b 03       		.uleb128 0x3
 307 003c 0E       		.uleb128 0xe
 308 003d 3A       		.uleb128 0x3a
 309 003e 0B       		.uleb128 0xb
 310 003f 3B       		.uleb128 0x3b
 311 0040 0B       		.uleb128 0xb
 312 0041 11       		.uleb128 0x11
 313 0042 01       		.uleb128 0x1
 314 0043 12       		.uleb128 0x12
 315 0044 06       		.uleb128 0x6
 316 0045 40       		.uleb128 0x40
ARM GAS  C:\Users\kit\AppData\Local\Temp\ccVwuyCb.s 			page 8


 317 0046 18       		.uleb128 0x18
 318 0047 9642     		.uleb128 0x2116
 319 0049 19       		.uleb128 0x19
 320 004a 00       		.byte	0
 321 004b 00       		.byte	0
 322 004c 06       		.uleb128 0x6
 323 004d 34       		.uleb128 0x34
 324 004e 00       		.byte	0
 325 004f 03       		.uleb128 0x3
 326 0050 08       		.uleb128 0x8
 327 0051 3A       		.uleb128 0x3a
 328 0052 0B       		.uleb128 0xb
 329 0053 3B       		.uleb128 0x3b
 330 0054 0B       		.uleb128 0xb
 331 0055 49       		.uleb128 0x49
 332 0056 13       		.uleb128 0x13
 333 0057 02       		.uleb128 0x2
 334 0058 18       		.uleb128 0x18
 335 0059 00       		.byte	0
 336 005a 00       		.byte	0
 337 005b 07       		.uleb128 0x7
 338 005c 2E       		.uleb128 0x2e
 339 005d 01       		.byte	0x1
 340 005e 3F       		.uleb128 0x3f
 341 005f 19       		.uleb128 0x19
 342 0060 03       		.uleb128 0x3
 343 0061 0E       		.uleb128 0xe
 344 0062 3A       		.uleb128 0x3a
 345 0063 0B       		.uleb128 0xb
 346 0064 3B       		.uleb128 0x3b
 347 0065 0B       		.uleb128 0xb
 348 0066 49       		.uleb128 0x49
 349 0067 13       		.uleb128 0x13
 350 0068 3C       		.uleb128 0x3c
 351 0069 19       		.uleb128 0x19
 352 006a 01       		.uleb128 0x1
 353 006b 13       		.uleb128 0x13
 354 006c 00       		.byte	0
 355 006d 00       		.byte	0
 356 006e 08       		.uleb128 0x8
 357 006f 18       		.uleb128 0x18
 358 0070 00       		.byte	0
 359 0071 00       		.byte	0
 360 0072 00       		.byte	0
 361 0073 09       		.uleb128 0x9
 362 0074 0B       		.uleb128 0xb
 363 0075 01       		.byte	0x1
 364 0076 11       		.uleb128 0x11
 365 0077 01       		.uleb128 0x1
 366 0078 12       		.uleb128 0x12
 367 0079 06       		.uleb128 0x6
 368 007a 00       		.byte	0
 369 007b 00       		.byte	0
 370 007c 0A       		.uleb128 0xa
 371 007d 2E       		.uleb128 0x2e
 372 007e 01       		.byte	0x1
 373 007f 3F       		.uleb128 0x3f
ARM GAS  C:\Users\kit\AppData\Local\Temp\ccVwuyCb.s 			page 9


 374 0080 19       		.uleb128 0x19
 375 0081 03       		.uleb128 0x3
 376 0082 0E       		.uleb128 0xe
 377 0083 3A       		.uleb128 0x3a
 378 0084 0B       		.uleb128 0xb
 379 0085 3B       		.uleb128 0x3b
 380 0086 0B       		.uleb128 0xb
 381 0087 49       		.uleb128 0x49
 382 0088 13       		.uleb128 0x13
 383 0089 3C       		.uleb128 0x3c
 384 008a 19       		.uleb128 0x19
 385 008b 00       		.byte	0
 386 008c 00       		.byte	0
 387 008d 00       		.byte	0
 388              		.section	.debug_aranges,"",%progbits
 389 0000 1C000000 		.4byte	0x1c
 390 0004 0200     		.2byte	0x2
 391 0006 00000000 		.4byte	.Ldebug_info0
 392 000a 04       		.byte	0x4
 393 000b 00       		.byte	0
 394 000c 0000     		.2byte	0
 395 000e 0000     		.2byte	0
 396 0010 00000000 		.4byte	.LFB33
 397 0014 60000000 		.4byte	.LFE33-.LFB33
 398 0018 00000000 		.4byte	0
 399 001c 00000000 		.4byte	0
 400              		.section	.debug_ranges,"",%progbits
 401              	.Ldebug_ranges0:
 402 0000 00000000 		.4byte	.LFB33
 403 0004 60000000 		.4byte	.LFE33
 404 0008 00000000 		.4byte	0
 405 000c 00000000 		.4byte	0
 406              		.section	.debug_line,"",%progbits
 407              	.Ldebug_line0:
 408 0000 64000000 		.section	.debug_str,"MS",%progbits,1
 408      02004500 
 408      00000201 
 408      FB0E0D00 
 408      01010101 
 409              	.LASF6:
 410 0000 6C6F6E67 		.ascii	"long long int\000"
 410      206C6F6E 
 410      6720696E 
 410      7400
 411              	.LASF19:
 412 000e 75696E74 		.ascii	"uint32\000"
 412      333200
 413              	.LASF8:
 414 0015 756E7369 		.ascii	"unsigned int\000"
 414      676E6564 
 414      20696E74 
 414      00
 415              	.LASF20:
 416 0022 6D61696E 		.ascii	"main\000"
 416      00
 417              	.LASF5:
 418 0027 6C6F6E67 		.ascii	"long unsigned int\000"
ARM GAS  C:\Users\kit\AppData\Local\Temp\ccVwuyCb.s 			page 10


 418      20756E73 
 418      69676E65 
 418      6420696E 
 418      7400
 419              	.LASF7:
 420 0039 6C6F6E67 		.ascii	"long long unsigned int\000"
 420      206C6F6E 
 420      6720756E 
 420      7369676E 
 420      65642069 
 421              	.LASF11:
 422 0050 63686172 		.ascii	"char\000"
 422      00
 423              	.LASF16:
 424 0055 474E5520 		.ascii	"GNU C 4.8.4 20140526 (release) [ARM/embedded-4_8-br"
 424      4320342E 
 424      382E3420 
 424      32303134 
 424      30353236 
 425 0088 616E6368 		.ascii	"anch revision 211358] -mcpu=cortex-m0 -mthumb -g -O"
 425      20726576 
 425      6973696F 
 425      6E203231 
 425      31333538 
 426 00bb 30202D66 		.ascii	"0 -ffunction-sections\000"
 426      66756E63 
 426      74696F6E 
 426      2D736563 
 426      74696F6E 
 427              	.LASF13:
 428 00d1 55415254 		.ascii	"UART_Start\000"
 428      5F537461 
 428      727400
 429              	.LASF1:
 430 00dc 756E7369 		.ascii	"unsigned char\000"
 430      676E6564 
 430      20636861 
 430      7200
 431              	.LASF15:
 432 00ea 55415254 		.ascii	"UART_UartGetChar\000"
 432      5F556172 
 432      74476574 
 432      43686172 
 432      00
 433              	.LASF4:
 434 00fb 6C6F6E67 		.ascii	"long int\000"
 434      20696E74 
 434      00
 435              	.LASF21:
 436 0104 55415254 		.ascii	"UART_UartPutChar\000"
 436      5F556172 
 436      74507574 
 436      43686172 
 436      00
 437              	.LASF2:
 438 0115 73686F72 		.ascii	"short int\000"
 438      7420696E 
ARM GAS  C:\Users\kit\AppData\Local\Temp\ccVwuyCb.s 			page 11


 438      7400
 439              	.LASF10:
 440 011f 646F7562 		.ascii	"double\000"
 440      6C6500
 441              	.LASF3:
 442 0126 73686F72 		.ascii	"short unsigned int\000"
 442      7420756E 
 442      7369676E 
 442      65642069 
 442      6E7400
 443              	.LASF0:
 444 0139 7369676E 		.ascii	"signed char\000"
 444      65642063 
 444      68617200 
 445              	.LASF18:
 446 0145 433A5C55 		.ascii	"C:\\Users\\kit\\Documents\\PSoC Creator\\Design03\\"
 446      73657273 
 446      5C6B6974 
 446      5C446F63 
 446      756D656E 
 447 0172 44657369 		.ascii	"Design01.cydsn\000"
 447      676E3031 
 447      2E637964 
 447      736E00
 448              	.LASF9:
 449 0181 666C6F61 		.ascii	"float\000"
 449      7400
 450              	.LASF17:
 451 0187 2E5C6D61 		.ascii	".\\main.c\000"
 451      696E2E63 
 451      00
 452              	.LASF14:
 453 0190 55415254 		.ascii	"UART_UartPutString\000"
 453      5F556172 
 453      74507574 
 453      53747269 
 453      6E6700
 454              	.LASF12:
 455 01a3 73697A65 		.ascii	"sizetype\000"
 455      74797065 
 455      00
 456              		.ident	"GCC: (GNU Tools for ARM Embedded Processors) 4.8.4 20140526 (release) [ARM/embedded-4_8-br
